<?xml version="1.0" encoding="UTF-8"?>
<!-- Generated by org.testng.reporters.JUnitReportReporter -->
<testsuite hostname="NitikaWason" failures="0" tests="1" name="Framework.EndtoEndEcommerce.Login" time="2.676" errors="0" timestamp="2022-09-29T16:08:03 CDT" skipped="0">
  <testcase classname="Framework.EndtoEndEcommerce.Login" name="logintoapplication" time="2.676"/>
  <system-out/>
</testsuite> <!-- Framework.EndtoEndEcommerce.Login -->
